


ARM Macro Assembler    Page 1 


    1 00000000         ;/*-----------------------------------------------------
                       -----------------------
    2 00000000         ; *      RL-ARM - RTX
    3 00000000         ; *-----------------------------------------------------
                       -----------------------
    4 00000000         ; *      Name:    SVC_TABLE.S
    5 00000000         ; *      Purpose: Pre-defined SVC Table for CORTEX M3
    6 00000000         ; *-----------------------------------------------------
                       -----------------------
    7 00000000         ; *      This code is part of the RealView Run-Time Libr
                       ary.
    8 00000000         ; *      Copyright (c) 2004-2009 KEIL - An ARM Company. 
                       All rights reserved.
    9 00000000         ; *-----------------------------------------------------
                       ----------------------*/
   10 00000000         
   11 00000000         
   12 00000000                 AREA             SVC_TABLE, CODE, READONLY
   13 00000000         
   14 00000000                 EXPORT           SVC_Count
   15 00000000         
   16 00000000 00000001 
                       SVC_Cnt EQU              (SVC_End-SVC_Table)/4
   17 00000000 00000001 
                       SVC_Count
                               DCD              SVC_Cnt
   18 00000004         
   19 00000004         ; Import user SVC functions here.
   20 00000004                 IMPORT           __SVC_1
   21 00000004         
   22 00000004                 EXPORT           SVC_Table
   23 00000004         SVC_Table
   24 00000004         ; Insert user SVC functions here. SVC 0 used by RTL Kern
                       el.
   25 00000004 00000000        DCD              __SVC_1     ; user SVC function
                                                            
   26 00000008         SVC_End
   27 00000008         
   28 00000008                 END
Command Line: --debug --xref --diag_suppress=9931 --cpu=Cortex-M3 --apcs=interw
ork --depend=.\objects\svc_table.d -o.\objects\svc_table.o -IC:\Keil_v5\ARM\RV3
1\Inc -I.\RTE\Device\STM32F103R8 -I.\RTE\_Target_1 -IC:\Users\chy\AppData\Local
\Arm\Packs\ARM\CMSIS\5.5.1\CMSIS\Core\Include -IC:\Users\chy\AppData\Local\Arm\
Packs\Keil\STM32F1xx_DFP\2.3.0\Device\Include -IC:\Users\chy\AppData\Local\Arm\
Packs\Keil\STM32F1xx_DFP\2.3.0\Device\StdPeriph_Driver\inc --predefine="__RTX S
ETA 1" --predefine="__UVISION_VERSION SETA 528" --predefine="_RTE_ SETA 1" --pr
edefine="STM32F10X_MD SETA 1" --list=.\listings\svc_table.lst User\SVC_Table.s



ARM Macro Assembler    Page 1 Alphabetic symbol ordering
Relocatable symbols

SVC_Count 00000000

Symbol: SVC_Count
   Definitions
      At line 17 in file User\SVC_Table.s
   Uses
      At line 14 in file User\SVC_Table.s
Comment: SVC_Count used once
SVC_End 00000008

Symbol: SVC_End
   Definitions
      At line 26 in file User\SVC_Table.s
   Uses
      At line 16 in file User\SVC_Table.s
Comment: SVC_End used once
SVC_TABLE 00000000

Symbol: SVC_TABLE
   Definitions
      At line 12 in file User\SVC_Table.s
   Uses
      None
Comment: SVC_TABLE unused
SVC_Table 00000004

Symbol: SVC_Table
   Definitions
      At line 23 in file User\SVC_Table.s
   Uses
      At line 16 in file User\SVC_Table.s
      At line 22 in file User\SVC_Table.s

4 symbols



ARM Macro Assembler    Page 1 Alphabetic symbol ordering
Absolute symbols

SVC_Cnt 00000001

Symbol: SVC_Cnt
   Definitions
      At line 16 in file User\SVC_Table.s
   Uses
      At line 17 in file User\SVC_Table.s
Comment: SVC_Cnt used once
1 symbol



ARM Macro Assembler    Page 1 Alphabetic symbol ordering
External symbols

__SVC_1 00000000

Symbol: __SVC_1
   Definitions
      At line 20 in file User\SVC_Table.s
   Uses
      At line 25 in file User\SVC_Table.s
Comment: __SVC_1 used once
1 symbol
340 symbols in table
